2017-12-04 16:09:15,448 0      [           main] INFO  work.web.context.ContextLoader  - Root WebApplicationContext: initialization started
2017-12-04 16:09:15,532 84     [           main] INFO  pport.XmlWebApplicationContext  - Refreshing Root WebApplicationContext: startup date [Mon Dec 04 16:09:15 CST 2017]; root of context hierarchy
2017-12-04 16:09:15,570 122    [           main] INFO  ry.xml.XmlBeanDefinitionReader  - Loading XML bean definitions from class path resource [applicationContext.xml]
2017-12-04 16:09:16,003 555    [           main] INFO  ry.xml.XmlBeanDefinitionReader  - Loading XML bean definitions from URL [file:/Users/apple/LearnJava/Java%20Web/Intellij%20IDEA/WhatProject/web/target/classes/applicationContext-action.xml]
2017-12-04 16:09:16,019 571    [           main] INFO  ry.xml.XmlBeanDefinitionReader  - Loading XML bean definitions from URL [file:/Users/apple/LearnJava/Java%20Web/Intellij%20IDEA/WhatProject/web/target/classes/applicationContext-shiro.xml]
2017-12-04 16:09:16,038 590    [           main] INFO  ry.xml.XmlBeanDefinitionReader  - Loading XML bean definitions from URL [file:/Users/apple/LearnJava/Java%20Web/Intellij%20IDEA/WhatProject/web/target/classes/applicationContext-mail.xml]
2017-12-04 16:09:16,202 754    [           main] INFO  .PropertyPlaceholderConfigurer  - Loading properties file from URL [file:/Users/apple/LearnJava/Java%20Web/Intellij%20IDEA/WhatProject/web/target/classes/mail.properties]
2017-12-04 16:09:16,207 759    [           main] INFO  redAnnotationBeanPostProcessor  - JSR-330 'javax.inject.Inject' annotation found and supported for autowiring
2017-12-04 16:09:16,397 949    [           main] INFO         com.mchange.v2.log.MLog  - MLog clients using log4j logging.
2017-12-04 16:09:16,430 982    [           main] INFO  m.mchange.v2.c3p0.C3P0Registry  - Initializing c3p0-0.9.1.2 [built 21-May-2007 15:04:56; debug? true; trace: 10]
2017-12-04 16:09:16,482 1034   [           main] INFO  egate$BeanPostProcessorChecker  - Bean 'dataSource' of type [class com.mchange.v2.c3p0.ComboPooledDataSource] is not eligible for getting processed by all BeanPostProcessors (for example: not eligible for auto-proxying)
2017-12-04 16:09:16,607 1159   [           main] INFO           org.hibernate.Version  - HHH000412: Hibernate Core {5.0.7.Final}
2017-12-04 16:09:16,609 1161   [           main] INFO   org.hibernate.cfg.Environment  - HHH000206: hibernate.properties not found
2017-12-04 16:09:16,610 1162   [           main] INFO   org.hibernate.cfg.Environment  - HHH000021: Bytecode provider name : javassist
2017-12-04 16:09:16,698 1250   [           main] WARN   org.hibernate.orm.deprecation  - HHH90000012: Recognized obsolete hibernate namespace http://hibernate.sourceforge.net/hibernate-mapping. Use namespace http://www.hibernate.org/dtd/hibernate-mapping instead.  Support for obsolete DTD/XSD namespaces may be removed at any time.
2017-12-04 16:09:17,710 2262   [           main] INFO  ate.annotations.common.Version  - HCANN000001: Hibernate Commons Annotations {5.0.1.Final}
2017-12-04 16:09:17,843 2395   [           main] INFO  l.AbstractPoolBackedDataSource  - Initializing c3p0 pool... com.mchange.v2.c3p0.ComboPooledDataSource [ acquireIncrement -> 3, acquireRetryAttempts -> 30, acquireRetryDelay -> 1000, autoCommitOnClose -> false, automaticTestTable -> null, breakAfterAcquireFailure -> false, checkoutTimeout -> 0, connectionCustomizerClassName -> null, connectionTesterClassName -> com.mchange.v2.c3p0.impl.DefaultConnectionTester, dataSourceName -> z8kflt9s91cpkz1vnsmmm|1e1ba256, debugUnreturnedConnectionStackTraces -> false, description -> null, driverClass -> com.mysql.jdbc.Driver, factoryClassLocation -> null, forceIgnoreUnresolvedTransactions -> false, identityToken -> z8kflt9s91cpkz1vnsmmm|1e1ba256, idleConnectionTestPeriod -> 0, initialPoolSize -> 3, jdbcUrl -> jdbc:mysql://127.0.0.1:3306/crm_ssh?useSSL=false&zeroDateTimeBehavior=convertToNull, maxAdministrativeTaskTime -> 0, maxConnectionAge -> 0, maxIdleTime -> 0, maxIdleTimeExcessConnections -> 0, maxPoolSize -> 15, maxStatements -> 0, maxStatementsPerConnection -> 0, minPoolSize -> 3, numHelperThreads -> 3, numThreadsAwaitingCheckoutDefaultUser -> 0, preferredTestQuery -> null, properties -> {user=******, password=******}, propertyCycle -> 0, testConnectionOnCheckin -> false, testConnectionOnCheckout -> false, unreturnedConnectionTimeout -> 0, usesTraditionalReflectiveProxies -> false ]
2017-12-04 16:09:18,029 2581   [           main] INFO   org.hibernate.dialect.Dialect  - HHH000400: Using dialect: org.hibernate.dialect.MySQLDialect
2017-12-04 16:09:18,073 2625   [           main] INFO  internal.LobCreatorBuilderImpl  - HHH000423: Disabling contextual LOB creation as JDBC driver reported JDBC version [3] less than 4
2017-12-04 16:09:18,224 2776   [           main] WARN  .hibernate.id.UUIDHexGenerator  - HHH000409: Using org.hibernate.id.UUIDHexGenerator which does not generate IETF RFC 4122 compliant UUID values; consider using org.hibernate.id.UUIDGenerator instead
2017-12-04 16:09:18,332 2884   [           main] INFO  alidator.internal.util.Version  - HV000001: Hibernate Validator 5.2.1.Final
2017-12-04 16:09:18,777 3329   [           main] INFO  nate.tool.hbm2ddl.SchemaUpdate  - HHH000228: Running hbm2ddl schema update
2017-12-04 16:09:18,975 3527   [           main] INFO  egate$BeanPostProcessorChecker  - Bean 'sessionFactory' of type [class org.springframework.orm.hibernate5.LocalSessionFactoryBean] is not eligible for getting processed by all BeanPostProcessors (for example: not eligible for auto-proxying)
2017-12-04 16:09:18,975 3527   [           main] INFO  egate$BeanPostProcessorChecker  - Bean 'sessionFactory' of type [class org.hibernate.internal.SessionFactoryImpl] is not eligible for getting processed by all BeanPostProcessors (for example: not eligible for auto-proxying)
2017-12-04 16:09:18,975 3527   [           main] INFO  egate$BeanPostProcessorChecker  - Bean 'baseDao' of type [class com.coppco.dao.Dept.BaseDaoImpl] is not eligible for getting processed by all BeanPostProcessors (for example: not eligible for auto-proxying)
2017-12-04 16:09:18,976 3528   [           main] INFO  egate$BeanPostProcessorChecker  - Bean 'userService' of type [class com.coppco.service.Impl.UserServiceImpl] is not eligible for getting processed by all BeanPostProcessors (for example: not eligible for auto-proxying)
2017-12-04 16:09:18,981 3533   [           main] INFO  egate$BeanPostProcessorChecker  - Bean 'passwordMatcher' of type [class com.coppco.shiro.CustomCredentialsMatcher] is not eligible for getting processed by all BeanPostProcessors (for example: not eligible for auto-proxying)
2017-12-04 16:09:18,982 3534   [           main] INFO  e.shiro.realm.AuthorizingRealm  - No cache or cacheManager properties have been set.  Authorization cache cannot be obtained.
2017-12-04 16:09:18,982 3534   [           main] INFO  egate$BeanPostProcessorChecker  - Bean 'authRealm' of type [class com.coppco.shiro.AuthRealm] is not eligible for getting processed by all BeanPostProcessors (for example: not eligible for auto-proxying)
2017-12-04 16:09:19,064 3616   [           main] INFO  egate$BeanPostProcessorChecker  - Bean 'shiroEhcacheManager' of type [class org.apache.shiro.cache.ehcache.EhCacheManager] is not eligible for getting processed by all BeanPostProcessors (for example: not eligible for auto-proxying)
2017-12-04 16:09:19,066 3618   [           main] INFO  o.cache.ehcache.EhCacheManager  - Cache with name 'com.coppco.shiro.AuthRealm.authorizationCache' does not yet exist.  Creating now.
2017-12-04 16:09:19,089 3641   [           main] INFO  o.cache.ehcache.EhCacheManager  - Added EhCache named [com.coppco.shiro.AuthRealm.authorizationCache]
2017-12-04 16:09:19,090 3642   [           main] INFO  egate$BeanPostProcessorChecker  - Bean 'securityManager' of type [class org.apache.shiro.web.mgt.DefaultWebSecurityManager] is not eligible for getting processed by all BeanPostProcessors (for example: not eligible for auto-proxying)
2017-12-04 16:09:19,090 3642   [           main] INFO  egate$BeanPostProcessorChecker  - Bean 'org.apache.shiro.spring.security.interceptor.AuthorizationAttributeSourceAdvisor#0' of type [class org.apache.shiro.spring.security.interceptor.AuthorizationAttributeSourceAdvisor] is not eligible for getting processed by all BeanPostProcessors (for example: not eligible for auto-proxying)
2017-12-04 16:09:19,157 3709   [           main] INFO  e5.HibernateTransactionManager  - Using DataSource [com.mchange.v2.c3p0.ComboPooledDataSource [ acquireIncrement -> 3, acquireRetryAttempts -> 30, acquireRetryDelay -> 1000, autoCommitOnClose -> false, automaticTestTable -> null, breakAfterAcquireFailure -> false, checkoutTimeout -> 0, connectionCustomizerClassName -> null, connectionTesterClassName -> com.mchange.v2.c3p0.impl.DefaultConnectionTester, dataSourceName -> z8kflt9s91cpkz1vnsmmm|1e1ba256, debugUnreturnedConnectionStackTraces -> false, description -> null, driverClass -> com.mysql.jdbc.Driver, factoryClassLocation -> null, forceIgnoreUnresolvedTransactions -> false, identityToken -> z8kflt9s91cpkz1vnsmmm|1e1ba256, idleConnectionTestPeriod -> 0, initialPoolSize -> 3, jdbcUrl -> jdbc:mysql://127.0.0.1:3306/crm_ssh?useSSL=false&zeroDateTimeBehavior=convertToNull, maxAdministrativeTaskTime -> 0, maxConnectionAge -> 0, maxIdleTime -> 0, maxIdleTimeExcessConnections -> 0, maxPoolSize -> 15, maxStatements -> 0, maxStatementsPerConnection -> 0, minPoolSize -> 3, numHelperThreads -> 3, numThreadsAwaitingCheckoutDefaultUser -> 0, preferredTestQuery -> null, properties -> {user=******, password=******}, propertyCycle -> 0, testConnectionOnCheckin -> false, testConnectionOnCheckout -> false, unreturnedConnectionTimeout -> 0, usesTraditionalReflectiveProxies -> false ]] of Hibernate SessionFactory for HibernateTransactionManager
2017-12-04 16:09:19,271 3823   [           main] INFO  work.web.context.ContextLoader  - Root WebApplicationContext: initialization completed in 3822 ms
2017-12-04 16:09:19,487 4039   [           main] INFO  iders.XmlConfigurationProvider  - Parsing configuration file [struts-default.xml]
2017-12-04 16:09:19,552 4104   [           main] INFO  iders.XmlConfigurationProvider  - Parsing configuration file [struts-plugin.xml]
2017-12-04 16:09:19,580 4132   [           main] INFO  iders.XmlConfigurationProvider  - Parsing configuration file [struts.xml]
2017-12-04 16:09:19,582 4134   [           main] INFO  2.config.BeanSelectionProvider  - Choosing bean (spring) for (com.opensymphony.xwork2.ObjectFactory)
2017-12-04 16:09:19,582 4134   [           main] INFO  2.config.BeanSelectionProvider  - Choosing bean (struts) for (com.opensymphony.xwork2.FileManagerFactory)
2017-12-04 16:09:19,582 4134   [           main] INFO  2.config.BeanSelectionProvider  - Choosing bean (struts) for (com.opensymphony.xwork2.conversion.impl.XWorkConverter)
2017-12-04 16:09:19,582 4134   [           main] INFO  2.config.BeanSelectionProvider  - Choosing bean (struts) for (com.opensymphony.xwork2.conversion.impl.CollectionConverter)
2017-12-04 16:09:19,582 4134   [           main] INFO  2.config.BeanSelectionProvider  - Choosing bean (struts) for (com.opensymphony.xwork2.conversion.impl.ArrayConverter)
2017-12-04 16:09:19,582 4134   [           main] INFO  2.config.BeanSelectionProvider  - Choosing bean (struts) for (com.opensymphony.xwork2.conversion.impl.DateConverter)
2017-12-04 16:09:19,582 4134   [           main] INFO  2.config.BeanSelectionProvider  - Choosing bean (struts) for (com.opensymphony.xwork2.conversion.impl.NumberConverter)
2017-12-04 16:09:19,582 4134   [           main] INFO  2.config.BeanSelectionProvider  - Choosing bean (struts) for (com.opensymphony.xwork2.conversion.impl.StringConverter)
2017-12-04 16:09:19,582 4134   [           main] INFO  2.config.BeanSelectionProvider  - Choosing bean (struts) for (com.opensymphony.xwork2.conversion.ConversionPropertiesProcessor)
2017-12-04 16:09:19,582 4134   [           main] INFO  2.config.BeanSelectionProvider  - Choosing bean (struts) for (com.opensymphony.xwork2.conversion.ConversionFileProcessor)
2017-12-04 16:09:19,582 4134   [           main] INFO  2.config.BeanSelectionProvider  - Choosing bean (struts) for (com.opensymphony.xwork2.conversion.ConversionAnnotationProcessor)
2017-12-04 16:09:19,582 4134   [           main] INFO  2.config.BeanSelectionProvider  - Choosing bean (struts) for (com.opensymphony.xwork2.conversion.TypeConverterCreator)
2017-12-04 16:09:19,582 4134   [           main] INFO  2.config.BeanSelectionProvider  - Choosing bean (struts) for (com.opensymphony.xwork2.conversion.TypeConverterHolder)
2017-12-04 16:09:19,582 4134   [           main] INFO  2.config.BeanSelectionProvider  - Choosing bean (struts) for (com.opensymphony.xwork2.TextProvider)
2017-12-04 16:09:19,583 4135   [           main] INFO  2.config.BeanSelectionProvider  - Choosing bean (struts) for (com.opensymphony.xwork2.LocaleProvider)
2017-12-04 16:09:19,583 4135   [           main] INFO  2.config.BeanSelectionProvider  - Choosing bean (struts) for (com.opensymphony.xwork2.ActionProxyFactory)
2017-12-04 16:09:19,583 4135   [           main] INFO  2.config.BeanSelectionProvider  - Choosing bean (struts) for (com.opensymphony.xwork2.conversion.ObjectTypeDeterminer)
2017-12-04 16:09:19,583 4135   [           main] INFO  2.config.BeanSelectionProvider  - Choosing bean (struts) for (org.apache.struts2.dispatcher.mapper.ActionMapper)
2017-12-04 16:09:19,583 4135   [           main] INFO  2.config.BeanSelectionProvider  - Choosing bean (jakarta) for (org.apache.struts2.dispatcher.multipart.MultiPartRequest)
2017-12-04 16:09:19,583 4135   [           main] INFO  2.config.BeanSelectionProvider  - Choosing bean (struts) for (org.apache.struts2.views.freemarker.FreemarkerManager)
2017-12-04 16:09:19,584 4136   [           main] INFO  2.config.BeanSelectionProvider  - Choosing bean (struts) for (org.apache.struts2.components.UrlRenderer)
2017-12-04 16:09:19,584 4136   [           main] INFO  2.config.BeanSelectionProvider  - Choosing bean (struts) for (com.opensymphony.xwork2.validator.ActionValidatorManager)
2017-12-04 16:09:19,584 4136   [           main] INFO  2.config.BeanSelectionProvider  - Choosing bean (struts) for (com.opensymphony.xwork2.util.ValueStackFactory)
2017-12-04 16:09:19,584 4136   [           main] INFO  2.config.BeanSelectionProvider  - Choosing bean (struts) for (com.opensymphony.xwork2.util.reflection.ReflectionProvider)
2017-12-04 16:09:19,584 4136   [           main] INFO  2.config.BeanSelectionProvider  - Choosing bean (struts) for (com.opensymphony.xwork2.util.reflection.ReflectionContextFactory)
2017-12-04 16:09:19,584 4136   [           main] INFO  2.config.BeanSelectionProvider  - Choosing bean (struts) for (com.opensymphony.xwork2.util.PatternMatcher)
2017-12-04 16:09:19,584 4136   [           main] INFO  2.config.BeanSelectionProvider  - Choosing bean (struts) for (org.apache.struts2.dispatcher.StaticContentLoader)
2017-12-04 16:09:19,584 4136   [           main] INFO  2.config.BeanSelectionProvider  - Choosing bean (struts) for (com.opensymphony.xwork2.UnknownHandlerManager)
2017-12-04 16:09:19,584 4136   [           main] INFO  2.config.BeanSelectionProvider  - Choosing bean (struts) for (org.apache.struts2.views.util.UrlHelper)
2017-12-04 16:09:19,584 4136   [           main] INFO  2.config.BeanSelectionProvider  - Choosing bean (struts) for (com.opensymphony.xwork2.util.TextParser)
2017-12-04 16:09:19,585 4137   [           main] INFO  nfig.impl.DefaultConfiguration  - Overriding property struts.i18n.reload - old value: false new value: true
2017-12-04 16:09:19,585 4137   [           main] INFO  nfig.impl.DefaultConfiguration  - Overriding property struts.configuration.xml.reload - old value: false new value: true
2017-12-04 16:09:19,597 4149   [           main] INFO  ring.StrutsSpringObjectFactory  - Initializing Struts-Spring integration...
2017-12-04 16:09:19,597 4149   [           main] INFO  rk2.spring.SpringObjectFactory  - Setting autowire strategy to name
2017-12-04 16:09:19,597 4149   [           main] INFO  ring.StrutsSpringObjectFactory  - ... initialized Struts-Spring integration successfully
