Wed Jan 18 11:13:03 CST 2017  [debug] AvalonLogSystem initialized using logfile 'D:\SourceTreeCode\LearnJava\Java Web\.metadata\.plugins\com.genuitec.eclipse.templates\velocity.log'
Wed Jan 18 11:13:03 CST 2017   [info] ************************************************************** 
Wed Jan 18 11:13:03 CST 2017   [info] Starting Jakarta Velocity v1.4
Wed Jan 18 11:13:03 CST 2017   [info] RuntimeInstance initializing.
Wed Jan 18 11:13:03 CST 2017   [info] Default Properties File: org\apache\velocity\runtime\defaults\velocity.properties
Wed Jan 18 11:13:03 CST 2017   [info] Trying to use logger class org.apache.velocity.runtime.log.AvalonLogSystem
Wed Jan 18 11:13:03 CST 2017   [info] Using logger class org.apache.velocity.runtime.log.AvalonLogSystem
Wed Jan 18 11:13:03 CST 2017   [info] Default ResourceManager initializing. (class org.apache.velocity.runtime.resource.ResourceManagerImpl)
Wed Jan 18 11:13:03 CST 2017   [info] Resource Loader Instantiated: com.genuitec.eclipse.templates.internal.PluginResourceLoader
Wed Jan 18 11:13:03 CST 2017   [info] ResourceCache : initialized. (class org.apache.velocity.runtime.resource.ResourceCacheImpl)
Wed Jan 18 11:13:03 CST 2017   [info] Default ResourceManager initialization complete.
Wed Jan 18 11:13:03 CST 2017   [info] Loaded System Directive: org.apache.velocity.runtime.directive.Literal
Wed Jan 18 11:13:03 CST 2017   [info] Loaded System Directive: org.apache.velocity.runtime.directive.Macro
Wed Jan 18 11:13:03 CST 2017   [info] Loaded System Directive: org.apache.velocity.runtime.directive.Parse
Wed Jan 18 11:13:03 CST 2017   [info] Loaded System Directive: org.apache.velocity.runtime.directive.Include
Wed Jan 18 11:13:03 CST 2017   [info] Loaded System Directive: org.apache.velocity.runtime.directive.Foreach
Wed Jan 18 11:13:03 CST 2017   [info] Created: 20 parsers.
Wed Jan 18 11:13:03 CST 2017   [info] Velocimacro : initialization starting.
Wed Jan 18 11:13:03 CST 2017   [info] Velocimacro : adding VMs from VM library template : VM_global_library.vm
Wed Jan 18 11:13:03 CST 2017  [error] ResourceManager : unable to find resource 'VM_global_library.vm' in any resource loader.
Wed Jan 18 11:13:03 CST 2017   [info] Velocimacro : error using  VM library template VM_global_library.vm : org.apache.velocity.exception.ResourceNotFoundException: Unable to find resource 'VM_global_library.vm'
Wed Jan 18 11:13:03 CST 2017   [info] Velocimacro :  VM library template macro registration complete.
Wed Jan 18 11:13:03 CST 2017   [info] Velocimacro : allowInline = true : VMs can be defined inline in templates
Wed Jan 18 11:13:03 CST 2017   [info] Velocimacro : allowInlineToOverride = true : VMs defined inline may replace previous VM definitions
Wed Jan 18 11:13:03 CST 2017   [info] Velocimacro : allowInlineLocal = true : VMs defined inline will be local to their defining template only.
Wed Jan 18 11:13:03 CST 2017   [info] Velocimacro : messages on  : VM system will output logging messages
Wed Jan 18 11:13:03 CST 2017   [info] Velocimacro : autoload off  : VM system will not automatically reload global library macros
Wed Jan 18 11:13:03 CST 2017   [info] Velocimacro : initialization complete.
Wed Jan 18 11:13:03 CST 2017   [info] Velocity successfully started.
Wed Jan 18 11:13:03 CST 2017   [info] ResourceManager : found templates/web.xml.vm with loader com.genuitec.eclipse.templates.internal.PluginResourceLoader
Wed Jan 18 11:13:03 CST 2017   [info] ResourceManager : found /templates/velocity/welcome/Jsp.vtl with loader com.genuitec.eclipse.templates.internal.PluginResourceLoader
